<?xml version="1.0" encoding="UTF-8"?>
<!-- Generated by org.testng.reporters.JUnitReportReporter -->
<testsuite skipped="0" hostname="LAPTOP-EH0QCTGR" name="test.MonthListTest" tests="1" failures="0" timestamp="15 Oct 2022 22:16:16 GMT" time="18.885" errors="0">
  <testcase name="dropDownShouldHaveAllMonths" time="18.885" classname="test.MonthListTest"/>
</testsuite> <!-- test.MonthListTest -->
