<?xml version="1.0" encoding="UTF-8"?>
<!-- Generated by org.testng.reporters.JUnitReportReporter -->
<testsuite skipped="0" hostname="LAPTOP-EH0QCTGR" name="test.CategoryTest" tests="2" failures="0" timestamp="15 Oct 2022 22:15:45 GMT" time="100.876" errors="0">
  <testcase name="userShouldAbleToAddCategory" time="31.618" classname="test.CategoryTest"/>
  <testcase name="userShouldNotBeAbleToAddDuplicate" time="69.258" classname="test.CategoryTest"/>
</testsuite> <!-- test.CategoryTest -->
